info: socket.io started
GAMER SERVER STARTED!!!
warn: error raised: Error: listen EADDRINUSE
info: socket.io started
GAMER SERVER STARTED!!!
warn: error raised: Error: listen EADDRINUSE
info: socket.io started
GAMER SERVER STARTED!!!
warn: error raised: Error: listen EADDRINUSE
GAMER SERVER STARTED!!!
/index.html
/scripts/jquery.js
/scripts/OPfoundation.js
/scripts/client.js
/images/bgStarsFar.png
/images/phatty.png
/favicon.ico
/index.html
/scripts/jquery.js
/scripts/OPfoundation.js
/scripts/client.js
/images/bgStarsFar.png
/images/phatty.png
/favicon.ico
/index.html
/scripts/jquery.js
/scripts/OPfoundation.js
/scripts/client.js
/images/bgStarsFar.png
/images/phatty.png
/favicon.ico
Incomming connection
Kirk has joined the game!
Switching to collection
/images/engine.png
/images/laser.png
/images/armor.png
/images/phatstronaught.png
/images/phatstronaught.png
/images/phatstronaught.png
/images/phatstronaught.png
/index.html
/scripts/jquery.js
/scripts/OPfoundation.js
/scripts/client.js
/images/bgStarsFar.png
/images/phatty.png
/favicon.ico
1 - 1 = 0
Switching to Joining
Incomming connection
Kirk has joined the game!
/index.html
/scripts/jquery.js
/scripts/OPfoundation.js
/scripts/client.js
/images/bgStarsFar.png
/images/phatty.png
/favicon.ico
1 - 1 = 0
Switching to Joining
Incomming connection
asd has joined the game!
/index.html
/scripts/jquery.js
/scripts/OPfoundation.js
/scripts/client.js
/images/bgStarsFar.png
/images/phatty.png
/favicon.ico
/index.html
/scripts/jquery.js
/scripts/OPfoundation.js
/scripts/client.js
/images/bgStarsFar.png
/images/phatty.png
/favicon.ico
1 - 1 = 0
Switching to Joining
GAMER SERVER STARTED!!!
/index.html
